STATUS | wrapper  | 2025/12/17 11:14:50 | --> Wrapper Started as Console
STATUS | wrapper  | 2025/12/17 11:14:50 | Launching a JVM...
INFO   | jvm 1    | 2025/12/17 11:14:51 | Wrapper (Version 3.2.3) http://wrapper.tanukisoftware.org
INFO   | jvm 1    | 2025/12/17 11:14:51 |   Copyright 1999-2006 Tanuki Software, Inc.  All Rights Reserved.
INFO   | jvm 1    | 2025/12/17 11:14:51 | 
INFO   | jvm 1    | 2025/12/17 11:14:51 | Java Runtime: Oracle Corporation 21.0.8 C:\Program Files\Java\jdk-21
INFO   | jvm 1    | 2025/12/17 11:14:51 |   Heap sizes: current=1048576k  free=1032704k  max=1048576k
INFO   | jvm 1    | 2025/12/17 11:14:51 |     JVM args: -Dactivemq.home=../.. -Dactivemq.base=../.. -Djavax.net.ssl.keyStorePassword=password -Djavax.net.ssl.trustStorePassword=password -Djavax.net.ssl.keyStore=../../conf/broker.ks -Djavax.net.ssl.trustStore=../../conf/broker.ts -Dcom.sun.management.jmxremote -Dorg.apache.activemq.UseDedicatedTaskRunner=false -Djava.util.logging.config.file=logging.properties -Dactivemq.conf=../../conf -Dactivemq.data=../../data -Djava.security.auth.login.config=../../conf/login.config -Djolokia.conf=file:..\\..\\conf\\jolokia-access.xml -Xms1024m -Xmx1024m -Djava.library.path=../../bin/win64 -Dwrapper.key=JYQEA0CXxCyrh2d1 -Dwrapper.port=32000 -Dwrapper.jvm.port.min=31000 -Dwrapper.jvm.port.max=31999 -Dwrapper.pid=3636 -Dwrapper.version=3.2.3 -Dwrapper.native_library=wrapper -Dwrapper.cpu.timeout=10 -Dwrapper.jvmid=1
INFO   | jvm 1    | 2025/12/17 11:14:51 | Extensions classpath:
INFO   | jvm 1    | 2025/12/17 11:14:51 |   [..\..\lib,..\..\lib\camel,..\..\lib\optional,..\..\lib\web,..\..\lib\extra]
INFO   | jvm 1    | 2025/12/17 11:14:51 | ACTIVEMQ_HOME: ..\..
INFO   | jvm 1    | 2025/12/17 11:14:51 | ACTIVEMQ_BASE: ..\..
INFO   | jvm 1    | 2025/12/17 11:14:51 | ACTIVEMQ_CONF: ..\..\conf
INFO   | jvm 1    | 2025/12/17 11:14:51 | ACTIVEMQ_DATA: ..\..\data
INFO   | jvm 1    | 2025/12/17 11:14:52 | Loading message broker from: xbean:activemq.xml
INFO   | jvm 1    | 2025/12/17 11:14:54 |  INFO | Using Persistence Adapter: KahaDBPersistenceAdapter[C:\Users\VictorSF\Documents\Git - IFCE\PPD-MOM\MOM\lib\apache-activemq-5.19.1\bin\win64\..\..\data\kahadb]
INFO   | jvm 1    | 2025/12/17 11:14:54 |  INFO | Starting Persistence Adapter: KahaDBPersistenceAdapter[C:\Users\VictorSF\Documents\Git - IFCE\PPD-MOM\MOM\lib\apache-activemq-5.19.1\bin\win64\..\..\data\kahadb]
INFO   | jvm 1    | 2025/12/17 11:14:54 |  INFO | Starting KahaDBStore
INFO   | jvm 1    | 2025/12/17 11:14:54 |  INFO | Opening MessageDatabase
INFO   | jvm 1    | 2025/12/17 11:14:54 |  INFO | Starting Temp Data Store
INFO   | jvm 1    | 2025/12/17 11:14:54 |  INFO | PListStore:[C:\Users\VictorSF\Documents\Git - IFCE\PPD-MOM\MOM\lib\apache-activemq-5.19.1\bin\win64\..\..\data\localhost\tmp_storage] started
INFO   | jvm 1    | 2025/12/17 11:14:54 |  INFO | Starting Job Scheduler Store
INFO   | jvm 1    | 2025/12/17 11:14:54 |  INFO | Persistence Adapter successfully started
INFO   | jvm 1    | 2025/12/17 11:14:54 |  INFO | Apache ActiveMQ 5.19.1 (localhost, ID:DESKTOP-LOG2Q4K-50725-1765980894371-0:1) is starting
INFO   | jvm 1    | 2025/12/17 11:14:54 |  INFO | Listening for connections at: tcp://DESKTOP-LOG2Q4K:61616?maximumConnections=1000&wireFormat.maxFrameSize=104857600
INFO   | jvm 1    | 2025/12/17 11:14:54 |  INFO | Connector openwire started
INFO   | jvm 1    | 2025/12/17 11:14:54 |  INFO | Listening for connections at: amqp://DESKTOP-LOG2Q4K:5672?maximumConnections=1000&wireFormat.maxFrameSize=104857600
INFO   | jvm 1    | 2025/12/17 11:14:54 |  INFO | Connector amqp started
INFO   | jvm 1    | 2025/12/17 11:14:54 |  INFO | Listening for connections at: stomp://DESKTOP-LOG2Q4K:61613?maximumConnections=1000&wireFormat.maxFrameSize=104857600
INFO   | jvm 1    | 2025/12/17 11:14:54 |  INFO | Connector stomp started
INFO   | jvm 1    | 2025/12/17 11:14:54 |  INFO | Listening for connections at: mqtt://DESKTOP-LOG2Q4K:1883?maximumConnections=1000&wireFormat.maxFrameSize=104857600
INFO   | jvm 1    | 2025/12/17 11:14:54 |  INFO | Connector mqtt started
INFO   | jvm 1    | 2025/12/17 11:14:54 |  INFO | Starting Jetty server
INFO   | jvm 1    | 2025/12/17 11:14:54 |  INFO | Creating Jetty connector
INFO   | jvm 1    | 2025/12/17 11:14:54 |  WARN | ServletContext@o.e.j.s.ServletContextHandler@455790{/,null,STARTING} has uncovered http methods for path: /
INFO   | jvm 1    | 2025/12/17 11:14:54 |  INFO | Listening for connections at ws://DESKTOP-LOG2Q4K:61614?maximumConnections=1000&wireFormat.maxFrameSize=104857600
INFO   | jvm 1    | 2025/12/17 11:14:55 |  INFO | Connector ws started
INFO   | jvm 1    | 2025/12/17 11:14:55 |  INFO | Apache ActiveMQ 5.19.1 (localhost, ID:DESKTOP-LOG2Q4K-50725-1765980894371-0:1) started
INFO   | jvm 1    | 2025/12/17 11:14:55 |  INFO | For help or more information please see: http://activemq.apache.org
INFO   | jvm 1    | 2025/12/17 11:14:56 |  INFO | ActiveMQ WebConsole available at http://127.0.0.1:8161/
INFO   | jvm 1    | 2025/12/17 11:14:56 |  INFO | ActiveMQ Jolokia REST API available at http://127.0.0.1:8161/api/jolokia/
STATUS | wrapper  | 2025/12/18 08:30:47 | --> Wrapper Started as Console
STATUS | wrapper  | 2025/12/18 08:30:48 | Launching a JVM...
INFO   | jvm 1    | 2025/12/18 08:30:48 | Wrapper (Version 3.2.3) http://wrapper.tanukisoftware.org
INFO   | jvm 1    | 2025/12/18 08:30:48 |   Copyright 1999-2006 Tanuki Software, Inc.  All Rights Reserved.
INFO   | jvm 1    | 2025/12/18 08:30:48 | 
INFO   | jvm 1    | 2025/12/18 08:30:49 | Java Runtime: Oracle Corporation 21.0.8 C:\Program Files\Java\jdk-21
INFO   | jvm 1    | 2025/12/18 08:30:49 |   Heap sizes: current=1048576k  free=1032704k  max=1048576k
INFO   | jvm 1    | 2025/12/18 08:30:49 |     JVM args: -Dactivemq.home=../.. -Dactivemq.base=../.. -Djavax.net.ssl.keyStorePassword=password -Djavax.net.ssl.trustStorePassword=password -Djavax.net.ssl.keyStore=../../conf/broker.ks -Djavax.net.ssl.trustStore=../../conf/broker.ts -Dcom.sun.management.jmxremote -Dorg.apache.activemq.UseDedicatedTaskRunner=false -Djava.util.logging.config.file=logging.properties -Dactivemq.conf=../../conf -Dactivemq.data=../../data -Djava.security.auth.login.config=../../conf/login.config -Djolokia.conf=file:..\\..\\conf\\jolokia-access.xml -Xms1024m -Xmx1024m -Djava.library.path=../../bin/win64 -Dwrapper.key=k_4Sm8JBpY6EuZwa -Dwrapper.port=32000 -Dwrapper.jvm.port.min=31000 -Dwrapper.jvm.port.max=31999 -Dwrapper.pid=9360 -Dwrapper.version=3.2.3 -Dwrapper.native_library=wrapper -Dwrapper.cpu.timeout=10 -Dwrapper.jvmid=1
INFO   | jvm 1    | 2025/12/18 08:30:49 | Extensions classpath:
INFO   | jvm 1    | 2025/12/18 08:30:49 |   [..\..\lib,..\..\lib\camel,..\..\lib\optional,..\..\lib\web,..\..\lib\extra]
INFO   | jvm 1    | 2025/12/18 08:30:49 | ACTIVEMQ_HOME: ..\..
INFO   | jvm 1    | 2025/12/18 08:30:49 | ACTIVEMQ_BASE: ..\..
INFO   | jvm 1    | 2025/12/18 08:30:49 | ACTIVEMQ_CONF: ..\..\conf
INFO   | jvm 1    | 2025/12/18 08:30:49 | ACTIVEMQ_DATA: ..\..\data
INFO   | jvm 1    | 2025/12/18 08:30:50 | Loading message broker from: xbean:activemq.xml
INFO   | jvm 1    | 2025/12/18 08:30:52 |  INFO | Using Persistence Adapter: KahaDBPersistenceAdapter[C:\Users\VictorSF\Documents\Git - IFCE\PPD-MOM\MOM\lib\apache-activemq-5.19.1\bin\win64\..\..\data\kahadb]
INFO   | jvm 1    | 2025/12/18 08:30:52 |  INFO | Starting Persistence Adapter: KahaDBPersistenceAdapter[C:\Users\VictorSF\Documents\Git - IFCE\PPD-MOM\MOM\lib\apache-activemq-5.19.1\bin\win64\..\..\data\kahadb]
INFO   | jvm 1    | 2025/12/18 08:30:52 |  INFO | Starting KahaDBStore
INFO   | jvm 1    | 2025/12/18 08:30:52 |  INFO | Opening MessageDatabase
INFO   | jvm 1    | 2025/12/18 08:30:52 |  INFO | Page File: ..\..\data\kahadb\db.data. Recovering pageFile free list due to prior unclean shutdown..
INFO   | jvm 1    | 2025/12/18 08:30:52 |  INFO | KahaDB is version 7
INFO   | jvm 1    | 2025/12/18 08:30:52 |  INFO | Page File: ..\..\data\kahadb\db.data. Recovered pageFile free list of size: 0
INFO   | jvm 1    | 2025/12/18 08:30:53 |  INFO | Starting Temp Data Store
INFO   | jvm 1    | 2025/12/18 08:30:53 |  INFO | PListStore:[C:\Users\VictorSF\Documents\Git - IFCE\PPD-MOM\MOM\lib\apache-activemq-5.19.1\bin\win64\..\..\data\localhost\tmp_storage] started
INFO   | jvm 1    | 2025/12/18 08:30:53 |  INFO | Starting Job Scheduler Store
INFO   | jvm 1    | 2025/12/18 08:30:53 |  INFO | Persistence Adapter successfully started
INFO   | jvm 1    | 2025/12/18 08:30:53 |  INFO | Apache ActiveMQ 5.19.1 (localhost, ID:DESKTOP-LOG2Q4K-57852-1766057453086-0:1) is starting
INFO   | jvm 1    | 2025/12/18 08:30:53 |  INFO | Listening for connections at: tcp://DESKTOP-LOG2Q4K:61616?maximumConnections=1000&wireFormat.maxFrameSize=104857600
INFO   | jvm 1    | 2025/12/18 08:30:53 |  INFO | Connector openwire started
INFO   | jvm 1    | 2025/12/18 08:30:53 |  INFO | Listening for connections at: amqp://DESKTOP-LOG2Q4K:5672?maximumConnections=1000&wireFormat.maxFrameSize=104857600
INFO   | jvm 1    | 2025/12/18 08:30:53 |  INFO | Connector amqp started
INFO   | jvm 1    | 2025/12/18 08:30:53 |  INFO | Listening for connections at: stomp://DESKTOP-LOG2Q4K:61613?maximumConnections=1000&wireFormat.maxFrameSize=104857600
INFO   | jvm 1    | 2025/12/18 08:30:53 |  INFO | Connector stomp started
INFO   | jvm 1    | 2025/12/18 08:30:53 |  INFO | Listening for connections at: mqtt://DESKTOP-LOG2Q4K:1883?maximumConnections=1000&wireFormat.maxFrameSize=104857600
INFO   | jvm 1    | 2025/12/18 08:30:53 |  INFO | Connector mqtt started
INFO   | jvm 1    | 2025/12/18 08:30:53 |  INFO | Starting Jetty server
INFO   | jvm 1    | 2025/12/18 08:30:53 |  INFO | Creating Jetty connector
INFO   | jvm 1    | 2025/12/18 08:30:53 |  WARN | ServletContext@o.e.j.s.ServletContextHandler@26187c6d{/,null,STARTING} has uncovered http methods for path: /
INFO   | jvm 1    | 2025/12/18 08:30:54 |  INFO | Listening for connections at ws://DESKTOP-LOG2Q4K:61614?maximumConnections=1000&wireFormat.maxFrameSize=104857600
INFO   | jvm 1    | 2025/12/18 08:30:54 |  INFO | Connector ws started
INFO   | jvm 1    | 2025/12/18 08:30:54 |  INFO | Apache ActiveMQ 5.19.1 (localhost, ID:DESKTOP-LOG2Q4K-57852-1766057453086-0:1) started
INFO   | jvm 1    | 2025/12/18 08:30:54 |  INFO | For help or more information please see: http://activemq.apache.org
INFO   | jvm 1    | 2025/12/18 08:30:58 |  INFO | ActiveMQ WebConsole available at http://127.0.0.1:8161/
INFO   | jvm 1    | 2025/12/18 08:30:58 |  INFO | ActiveMQ Jolokia REST API available at http://127.0.0.1:8161/api/jolokia/
STATUS | wrapper  | 2025/12/18 08:54:47 | --> Wrapper Started as Console
STATUS | wrapper  | 2025/12/18 08:54:47 | Launching a JVM...
INFO   | jvm 1    | 2025/12/18 08:54:48 | Wrapper (Version 3.2.3) http://wrapper.tanukisoftware.org
INFO   | jvm 1    | 2025/12/18 08:54:48 |   Copyright 1999-2006 Tanuki Software, Inc.  All Rights Reserved.
INFO   | jvm 1    | 2025/12/18 08:54:48 | 
INFO   | jvm 1    | 2025/12/18 08:54:48 | Java Runtime: Oracle Corporation 21.0.8 C:\Program Files\Java\jdk-21
INFO   | jvm 1    | 2025/12/18 08:54:48 |   Heap sizes: current=1048576k  free=1032704k  max=1048576k
INFO   | jvm 1    | 2025/12/18 08:54:48 |     JVM args: -Dactivemq.home=../.. -Dactivemq.base=../.. -Djavax.net.ssl.keyStorePassword=password -Djavax.net.ssl.trustStorePassword=password -Djavax.net.ssl.keyStore=../../conf/broker.ks -Djavax.net.ssl.trustStore=../../conf/broker.ts -Dcom.sun.management.jmxremote -Dorg.apache.activemq.UseDedicatedTaskRunner=false -Djava.util.logging.config.file=logging.properties -Dactivemq.conf=../../conf -Dactivemq.data=../../data -Djava.security.auth.login.config=../../conf/login.config -Djolokia.conf=file:..\\..\\conf\\jolokia-access.xml -Xms1024m -Xmx1024m -Djava.library.path=../../bin/win64 -Dwrapper.key=28sXGZ6EHCRakbin -Dwrapper.port=32000 -Dwrapper.jvm.port.min=31000 -Dwrapper.jvm.port.max=31999 -Dwrapper.pid=11472 -Dwrapper.version=3.2.3 -Dwrapper.native_library=wrapper -Dwrapper.cpu.timeout=10 -Dwrapper.jvmid=1
INFO   | jvm 1    | 2025/12/18 08:54:48 | Extensions classpath:
INFO   | jvm 1    | 2025/12/18 08:54:48 |   [..\..\lib,..\..\lib\camel,..\..\lib\optional,..\..\lib\web,..\..\lib\extra]
INFO   | jvm 1    | 2025/12/18 08:54:48 | ACTIVEMQ_HOME: ..\..
INFO   | jvm 1    | 2025/12/18 08:54:48 | ACTIVEMQ_BASE: ..\..
INFO   | jvm 1    | 2025/12/18 08:54:48 | ACTIVEMQ_CONF: ..\..\conf
INFO   | jvm 1    | 2025/12/18 08:54:48 | ACTIVEMQ_DATA: ..\..\data
INFO   | jvm 1    | 2025/12/18 08:54:49 | Loading message broker from: xbean:activemq.xml
INFO   | jvm 1    | 2025/12/18 08:54:51 |  INFO | Using Persistence Adapter: KahaDBPersistenceAdapter[C:\Users\VictorSF\Documents\Git - IFCE\PPD-MOM\MOM\lib\apache-activemq-5.19.1\bin\win64\..\..\data\kahadb]
INFO   | jvm 1    | 2025/12/18 08:54:51 |  INFO | Starting Persistence Adapter: KahaDBPersistenceAdapter[C:\Users\VictorSF\Documents\Git - IFCE\PPD-MOM\MOM\lib\apache-activemq-5.19.1\bin\win64\..\..\data\kahadb]
INFO   | jvm 1    | 2025/12/18 08:54:51 |  INFO | Starting KahaDBStore
INFO   | jvm 1    | 2025/12/18 08:54:51 |  INFO | Opening MessageDatabase
INFO   | jvm 1    | 2025/12/18 08:54:51 |  INFO | KahaDB is version 7
INFO   | jvm 1    | 2025/12/18 08:54:51 |  INFO | Page File: ..\..\data\kahadb\db.data. Recovering pageFile free list due to prior unclean shutdown..
INFO   | jvm 1    | 2025/12/18 08:54:51 |  INFO | Page File: ..\..\data\kahadb\db.data. Recovered pageFile free list of size: 0
INFO   | jvm 1    | 2025/12/18 08:54:52 |  INFO | Starting Temp Data Store
INFO   | jvm 1    | 2025/12/18 08:54:52 |  INFO | PListStore:[C:\Users\VictorSF\Documents\Git - IFCE\PPD-MOM\MOM\lib\apache-activemq-5.19.1\bin\win64\..\..\data\localhost\tmp_storage] started
INFO   | jvm 1    | 2025/12/18 08:54:52 |  INFO | Starting Job Scheduler Store
INFO   | jvm 1    | 2025/12/18 08:54:52 |  INFO | Persistence Adapter successfully started
INFO   | jvm 1    | 2025/12/18 08:54:52 |  INFO | Apache ActiveMQ 5.19.1 (localhost, ID:DESKTOP-LOG2Q4K-58095-1766058892037-0:1) is starting
INFO   | jvm 1    | 2025/12/18 08:54:52 |  INFO | Listening for connections at: tcp://DESKTOP-LOG2Q4K:61616?maximumConnections=1000&wireFormat.maxFrameSize=104857600
INFO   | jvm 1    | 2025/12/18 08:54:52 |  INFO | Connector openwire started
INFO   | jvm 1    | 2025/12/18 08:54:52 |  INFO | Listening for connections at: amqp://DESKTOP-LOG2Q4K:5672?maximumConnections=1000&wireFormat.maxFrameSize=104857600
INFO   | jvm 1    | 2025/12/18 08:54:52 |  INFO | Connector amqp started
INFO   | jvm 1    | 2025/12/18 08:54:52 |  INFO | Listening for connections at: stomp://DESKTOP-LOG2Q4K:61613?maximumConnections=1000&wireFormat.maxFrameSize=104857600
INFO   | jvm 1    | 2025/12/18 08:54:52 |  INFO | Connector stomp started
INFO   | jvm 1    | 2025/12/18 08:54:52 |  INFO | Listening for connections at: mqtt://DESKTOP-LOG2Q4K:1883?maximumConnections=1000&wireFormat.maxFrameSize=104857600
INFO   | jvm 1    | 2025/12/18 08:54:52 |  INFO | Connector mqtt started
INFO   | jvm 1    | 2025/12/18 08:54:52 |  INFO | Starting Jetty server
INFO   | jvm 1    | 2025/12/18 08:54:52 |  INFO | Creating Jetty connector
INFO   | jvm 1    | 2025/12/18 08:54:52 |  WARN | ServletContext@o.e.j.s.ServletContextHandler@26187c6d{/,null,STARTING} has uncovered http methods for path: /
INFO   | jvm 1    | 2025/12/18 08:54:52 |  INFO | Listening for connections at ws://DESKTOP-LOG2Q4K:61614?maximumConnections=1000&wireFormat.maxFrameSize=104857600
INFO   | jvm 1    | 2025/12/18 08:54:52 |  INFO | Connector ws started
INFO   | jvm 1    | 2025/12/18 08:54:52 |  INFO | Apache ActiveMQ 5.19.1 (localhost, ID:DESKTOP-LOG2Q4K-58095-1766058892037-0:1) started
INFO   | jvm 1    | 2025/12/18 08:54:52 |  INFO | For help or more information please see: http://activemq.apache.org
INFO   | jvm 1    | 2025/12/18 08:54:54 |  INFO | ActiveMQ WebConsole available at http://127.0.0.1:8161/
INFO   | jvm 1    | 2025/12/18 08:54:54 |  INFO | ActiveMQ Jolokia REST API available at http://127.0.0.1:8161/api/jolokia/
STATUS | wrapper  | 2025/12/18 11:09:27 | --> Wrapper Started as Console
STATUS | wrapper  | 2025/12/18 11:09:27 | Launching a JVM...
INFO   | jvm 1    | 2025/12/18 11:09:28 | Wrapper (Version 3.2.3) http://wrapper.tanukisoftware.org
INFO   | jvm 1    | 2025/12/18 11:09:28 |   Copyright 1999-2006 Tanuki Software, Inc.  All Rights Reserved.
INFO   | jvm 1    | 2025/12/18 11:09:28 | 
INFO   | jvm 1    | 2025/12/18 11:09:28 | Java Runtime: Oracle Corporation 21.0.8 C:\Program Files\Java\jdk-21
INFO   | jvm 1    | 2025/12/18 11:09:28 |   Heap sizes: current=1048576k  free=1033216k  max=1048576k
INFO   | jvm 1    | 2025/12/18 11:09:28 |     JVM args: -Dactivemq.home=../.. -Dactivemq.base=../.. -Djavax.net.ssl.keyStorePassword=password -Djavax.net.ssl.trustStorePassword=password -Djavax.net.ssl.keyStore=../../conf/broker.ks -Djavax.net.ssl.trustStore=../../conf/broker.ts -Dcom.sun.management.jmxremote -Dorg.apache.activemq.UseDedicatedTaskRunner=false -Djava.util.logging.config.file=logging.properties -Dactivemq.conf=../../conf -Dactivemq.data=../../data -Djava.security.auth.login.config=../../conf/login.config -Djolokia.conf=file:..\\..\\conf\\jolokia-access.xml -Xms1024m -Xmx1024m -Djava.library.path=../../bin/win64 -Dwrapper.key=StTIxiukwvaMpMhk -Dwrapper.port=32000 -Dwrapper.jvm.port.min=31000 -Dwrapper.jvm.port.max=31999 -Dwrapper.pid=13432 -Dwrapper.version=3.2.3 -Dwrapper.native_library=wrapper -Dwrapper.cpu.timeout=10 -Dwrapper.jvmid=1
INFO   | jvm 1    | 2025/12/18 11:09:28 | Extensions classpath:
INFO   | jvm 1    | 2025/12/18 11:09:28 |   [..\..\lib,..\..\lib\camel,..\..\lib\optional,..\..\lib\web,..\..\lib\extra]
INFO   | jvm 1    | 2025/12/18 11:09:28 | ACTIVEMQ_HOME: ..\..
INFO   | jvm 1    | 2025/12/18 11:09:28 | ACTIVEMQ_BASE: ..\..
INFO   | jvm 1    | 2025/12/18 11:09:28 | ACTIVEMQ_CONF: ..\..\conf
INFO   | jvm 1    | 2025/12/18 11:09:28 | ACTIVEMQ_DATA: ..\..\data
INFO   | jvm 1    | 2025/12/18 11:09:29 | Loading message broker from: xbean:activemq.xml
INFO   | jvm 1    | 2025/12/18 11:09:31 |  INFO | Using Persistence Adapter: KahaDBPersistenceAdapter[C:\Users\VictorSF\Documents\Git - IFCE\PPD-MOM\MOM\lib\apache-activemq-5.19.1\bin\win64\..\..\data\kahadb]
INFO   | jvm 1    | 2025/12/18 11:09:31 |  INFO | Starting Persistence Adapter: KahaDBPersistenceAdapter[C:\Users\VictorSF\Documents\Git - IFCE\PPD-MOM\MOM\lib\apache-activemq-5.19.1\bin\win64\..\..\data\kahadb]
INFO   | jvm 1    | 2025/12/18 11:09:31 |  INFO | Starting KahaDBStore
INFO   | jvm 1    | 2025/12/18 11:09:31 |  INFO | Opening MessageDatabase
INFO   | jvm 1    | 2025/12/18 11:09:31 |  INFO | Page File: ..\..\data\kahadb\db.data. Recovering pageFile free list due to prior unclean shutdown..
INFO   | jvm 1    | 2025/12/18 11:09:31 |  INFO | KahaDB is version 7
INFO   | jvm 1    | 2025/12/18 11:09:31 |  INFO | Page File: ..\..\data\kahadb\db.data. Recovered pageFile free list of size: 0
INFO   | jvm 1    | 2025/12/18 11:09:32 |  INFO | Starting Temp Data Store
INFO   | jvm 1    | 2025/12/18 11:09:32 |  INFO | PListStore:[C:\Users\VictorSF\Documents\Git - IFCE\PPD-MOM\MOM\lib\apache-activemq-5.19.1\bin\win64\..\..\data\localhost\tmp_storage] started
INFO   | jvm 1    | 2025/12/18 11:09:32 |  INFO | Starting Job Scheduler Store
INFO   | jvm 1    | 2025/12/18 11:09:32 |  INFO | Persistence Adapter successfully started
INFO   | jvm 1    | 2025/12/18 11:09:32 |  INFO | Apache ActiveMQ 5.19.1 (localhost, ID:DESKTOP-LOG2Q4K-58538-1766066972127-0:1) is starting
INFO   | jvm 1    | 2025/12/18 11:09:32 |  INFO | Listening for connections at: tcp://DESKTOP-LOG2Q4K:61616?maximumConnections=1000&wireFormat.maxFrameSize=104857600
INFO   | jvm 1    | 2025/12/18 11:09:32 |  INFO | Connector openwire started
INFO   | jvm 1    | 2025/12/18 11:09:32 |  INFO | Listening for connections at: amqp://DESKTOP-LOG2Q4K:5672?maximumConnections=1000&wireFormat.maxFrameSize=104857600
INFO   | jvm 1    | 2025/12/18 11:09:32 |  INFO | Connector amqp started
INFO   | jvm 1    | 2025/12/18 11:09:32 |  INFO | Listening for connections at: stomp://DESKTOP-LOG2Q4K:61613?maximumConnections=1000&wireFormat.maxFrameSize=104857600
INFO   | jvm 1    | 2025/12/18 11:09:32 |  INFO | Connector stomp started
INFO   | jvm 1    | 2025/12/18 11:09:32 |  INFO | Listening for connections at: mqtt://DESKTOP-LOG2Q4K:1883?maximumConnections=1000&wireFormat.maxFrameSize=104857600
INFO   | jvm 1    | 2025/12/18 11:09:32 |  INFO | Connector mqtt started
INFO   | jvm 1    | 2025/12/18 11:09:32 |  INFO | Starting Jetty server
INFO   | jvm 1    | 2025/12/18 11:09:32 |  INFO | Creating Jetty connector
INFO   | jvm 1    | 2025/12/18 11:09:32 |  WARN | ServletContext@o.e.j.s.ServletContextHandler@26187c6d{/,null,STARTING} has uncovered http methods for path: /
INFO   | jvm 1    | 2025/12/18 11:09:32 |  INFO | Listening for connections at ws://DESKTOP-LOG2Q4K:61614?maximumConnections=1000&wireFormat.maxFrameSize=104857600
INFO   | jvm 1    | 2025/12/18 11:09:32 |  INFO | Connector ws started
INFO   | jvm 1    | 2025/12/18 11:09:32 |  INFO | Apache ActiveMQ 5.19.1 (localhost, ID:DESKTOP-LOG2Q4K-58538-1766066972127-0:1) started
INFO   | jvm 1    | 2025/12/18 11:09:32 |  INFO | For help or more information please see: http://activemq.apache.org
INFO   | jvm 1    | 2025/12/18 11:09:34 |  INFO | ActiveMQ WebConsole available at http://127.0.0.1:8161/
INFO   | jvm 1    | 2025/12/18 11:09:34 |  INFO | ActiveMQ Jolokia REST API available at http://127.0.0.1:8161/api/jolokia/
STATUS | wrapper  | 2025/12/18 11:16:39 | CTRL-C trapped.  Shutting down.
INFO   | jvm 1    | 2025/12/18 11:16:40 |  INFO | Apache ActiveMQ 5.19.1 (localhost, ID:DESKTOP-LOG2Q4K-58538-1766066972127-0:1) is shutting down
INFO   | jvm 1    | 2025/12/18 11:16:40 |  INFO | Connector openwire stopped
INFO   | jvm 1    | 2025/12/18 11:16:40 |  INFO | Connector amqp stopped
INFO   | jvm 1    | 2025/12/18 11:16:40 |  INFO | Connector stomp stopped
INFO   | jvm 1    | 2025/12/18 11:16:40 |  INFO | Connector mqtt stopped
INFO   | jvm 1    | 2025/12/18 11:16:40 |  INFO | Connector ws stopped
INFO   | jvm 1    | 2025/12/18 11:16:40 |  INFO | PListStore:[C:\Users\VictorSF\Documents\Git - IFCE\PPD-MOM\MOM\lib\apache-activemq-5.19.1\bin\win64\..\..\data\localhost\tmp_storage] stopped
INFO   | jvm 1    | 2025/12/18 11:16:40 |  INFO | Stopping async queue tasks
INFO   | jvm 1    | 2025/12/18 11:16:40 |  INFO | Stopping async topic tasks
INFO   | jvm 1    | 2025/12/18 11:16:40 |  INFO | Stopped KahaDB
INFO   | jvm 1    | 2025/12/18 11:16:40 |  INFO | Apache ActiveMQ 5.19.1 (localhost, ID:DESKTOP-LOG2Q4K-58538-1766066972127-0:1) uptime 7 minutes
INFO   | jvm 1    | 2025/12/18 11:16:40 |  INFO | Apache ActiveMQ 5.19.1 (localhost, ID:DESKTOP-LOG2Q4K-58538-1766066972127-0:1) is shutdown
STATUS | wrapper  | 2025/12/18 11:16:40 | <-- Wrapper Stopped
STATUS | wrapper  | 2025/12/18 11:16:48 | --> Wrapper Started as Console
STATUS | wrapper  | 2025/12/18 11:16:49 | Launching a JVM...
INFO   | jvm 1    | 2025/12/18 11:16:49 | Wrapper (Version 3.2.3) http://wrapper.tanukisoftware.org
INFO   | jvm 1    | 2025/12/18 11:16:49 |   Copyright 1999-2006 Tanuki Software, Inc.  All Rights Reserved.
INFO   | jvm 1    | 2025/12/18 11:16:49 | 
INFO   | jvm 1    | 2025/12/18 11:16:49 | Java Runtime: Oracle Corporation 21.0.8 C:\Program Files\Java\jdk-21
INFO   | jvm 1    | 2025/12/18 11:16:49 |   Heap sizes: current=1048576k  free=1032704k  max=1048576k
INFO   | jvm 1    | 2025/12/18 11:16:49 |     JVM args: -Dactivemq.home=../.. -Dactivemq.base=../.. -Djavax.net.ssl.keyStorePassword=password -Djavax.net.ssl.trustStorePassword=password -Djavax.net.ssl.keyStore=../../conf/broker.ks -Djavax.net.ssl.trustStore=../../conf/broker.ts -Dcom.sun.management.jmxremote -Dorg.apache.activemq.UseDedicatedTaskRunner=false -Djava.util.logging.config.file=logging.properties -Dactivemq.conf=../../conf -Dactivemq.data=../../data -Djava.security.auth.login.config=../../conf/login.config -Djolokia.conf=file:..\\..\\conf\\jolokia-access.xml -Xms1024m -Xmx1024m -Djava.library.path=../../bin/win64 -Dwrapper.key=C0A1w60XvGA0cLLq -Dwrapper.port=32000 -Dwrapper.jvm.port.min=31000 -Dwrapper.jvm.port.max=31999 -Dwrapper.pid=10876 -Dwrapper.version=3.2.3 -Dwrapper.native_library=wrapper -Dwrapper.cpu.timeout=10 -Dwrapper.jvmid=1
INFO   | jvm 1    | 2025/12/18 11:16:49 | Extensions classpath:
INFO   | jvm 1    | 2025/12/18 11:16:49 |   [..\..\lib,..\..\lib\camel,..\..\lib\optional,..\..\lib\web,..\..\lib\extra]
INFO   | jvm 1    | 2025/12/18 11:16:49 | ACTIVEMQ_HOME: ..\..
INFO   | jvm 1    | 2025/12/18 11:16:49 | ACTIVEMQ_BASE: ..\..
INFO   | jvm 1    | 2025/12/18 11:16:49 | ACTIVEMQ_CONF: ..\..\conf
INFO   | jvm 1    | 2025/12/18 11:16:49 | ACTIVEMQ_DATA: ..\..\data
INFO   | jvm 1    | 2025/12/18 11:16:50 | Loading message broker from: xbean:activemq.xml
INFO   | jvm 1    | 2025/12/18 11:16:52 |  INFO | Using Persistence Adapter: KahaDBPersistenceAdapter[C:\Users\VictorSF\Documents\Git - IFCE\PPD-MOM\MOM\lib\apache-activemq-5.19.1\bin\win64\..\..\data\kahadb]
INFO   | jvm 1    | 2025/12/18 11:16:52 |  INFO | Starting Persistence Adapter: KahaDBPersistenceAdapter[C:\Users\VictorSF\Documents\Git - IFCE\PPD-MOM\MOM\lib\apache-activemq-5.19.1\bin\win64\..\..\data\kahadb]
INFO   | jvm 1    | 2025/12/18 11:16:52 |  INFO | Starting KahaDBStore
INFO   | jvm 1    | 2025/12/18 11:16:52 |  INFO | Opening MessageDatabase
INFO   | jvm 1    | 2025/12/18 11:16:52 |  INFO | KahaDB is version 7
INFO   | jvm 1    | 2025/12/18 11:16:52 |  INFO | Starting Temp Data Store
INFO   | jvm 1    | 2025/12/18 11:16:52 |  INFO | PListStore:[C:\Users\VictorSF\Documents\Git - IFCE\PPD-MOM\MOM\lib\apache-activemq-5.19.1\bin\win64\..\..\data\localhost\tmp_storage] started
INFO   | jvm 1    | 2025/12/18 11:16:52 |  INFO | Starting Job Scheduler Store
INFO   | jvm 1    | 2025/12/18 11:16:52 |  INFO | Persistence Adapter successfully started
INFO   | jvm 1    | 2025/12/18 11:16:52 |  INFO | Apache ActiveMQ 5.19.1 (localhost, ID:DESKTOP-LOG2Q4K-58618-1766067412792-0:1) is starting
INFO   | jvm 1    | 2025/12/18 11:16:53 |  INFO | Listening for connections at: tcp://DESKTOP-LOG2Q4K:61616?maximumConnections=1000&wireFormat.maxFrameSize=104857600
INFO   | jvm 1    | 2025/12/18 11:16:53 |  INFO | Connector openwire started
INFO   | jvm 1    | 2025/12/18 11:16:53 |  INFO | Listening for connections at: amqp://DESKTOP-LOG2Q4K:5672?maximumConnections=1000&wireFormat.maxFrameSize=104857600
INFO   | jvm 1    | 2025/12/18 11:16:53 |  INFO | Connector amqp started
INFO   | jvm 1    | 2025/12/18 11:16:53 |  INFO | Listening for connections at: stomp://DESKTOP-LOG2Q4K:61613?maximumConnections=1000&wireFormat.maxFrameSize=104857600
INFO   | jvm 1    | 2025/12/18 11:16:53 |  INFO | Connector stomp started
INFO   | jvm 1    | 2025/12/18 11:16:53 |  INFO | Listening for connections at: mqtt://DESKTOP-LOG2Q4K:1883?maximumConnections=1000&wireFormat.maxFrameSize=104857600
INFO   | jvm 1    | 2025/12/18 11:16:53 |  INFO | Connector mqtt started
INFO   | jvm 1    | 2025/12/18 11:16:53 |  INFO | Starting Jetty server
INFO   | jvm 1    | 2025/12/18 11:16:53 |  INFO | Creating Jetty connector
INFO   | jvm 1    | 2025/12/18 11:16:53 |  WARN | ServletContext@o.e.j.s.ServletContextHandler@556a2a8c{/,null,STARTING} has uncovered http methods for path: /
INFO   | jvm 1    | 2025/12/18 11:16:53 |  INFO | Listening for connections at ws://DESKTOP-LOG2Q4K:61614?maximumConnections=1000&wireFormat.maxFrameSize=104857600
INFO   | jvm 1    | 2025/12/18 11:16:53 |  INFO | Connector ws started
INFO   | jvm 1    | 2025/12/18 11:16:53 |  INFO | Apache ActiveMQ 5.19.1 (localhost, ID:DESKTOP-LOG2Q4K-58618-1766067412792-0:1) started
INFO   | jvm 1    | 2025/12/18 11:16:53 |  INFO | For help or more information please see: http://activemq.apache.org
INFO   | jvm 1    | 2025/12/18 11:16:54 |  INFO | ActiveMQ WebConsole available at http://127.0.0.1:8161/
INFO   | jvm 1    | 2025/12/18 11:16:54 |  INFO | ActiveMQ Jolokia REST API available at http://127.0.0.1:8161/api/jolokia/
ERROR  | wrapper  | 2025/12/18 11:17:58 | JVM exited unexpectedly.
STATUS | wrapper  | 2025/12/18 11:18:02 | CTRL-C trapped.  Shutting down.
STATUS | wrapper  | 2025/12/18 11:18:02 | <-- Wrapper Stopped
STATUS | wrapper  | 2025/12/18 11:18:06 | --> Wrapper Started as Console
STATUS | wrapper  | 2025/12/18 11:18:06 | Launching a JVM...
INFO   | jvm 1    | 2025/12/18 11:18:07 | Wrapper (Version 3.2.3) http://wrapper.tanukisoftware.org
INFO   | jvm 1    | 2025/12/18 11:18:07 |   Copyright 1999-2006 Tanuki Software, Inc.  All Rights Reserved.
INFO   | jvm 1    | 2025/12/18 11:18:07 | 
INFO   | jvm 1    | 2025/12/18 11:18:07 | Java Runtime: Oracle Corporation 21.0.8 C:\Program Files\Java\jdk-21
INFO   | jvm 1    | 2025/12/18 11:18:07 |   Heap sizes: current=1048576k  free=1032704k  max=1048576k
INFO   | jvm 1    | 2025/12/18 11:18:07 |     JVM args: -Dactivemq.home=../.. -Dactivemq.base=../.. -Djavax.net.ssl.keyStorePassword=password -Djavax.net.ssl.trustStorePassword=password -Djavax.net.ssl.keyStore=../../conf/broker.ks -Djavax.net.ssl.trustStore=../../conf/broker.ts -Dcom.sun.management.jmxremote -Dorg.apache.activemq.UseDedicatedTaskRunner=false -Djava.util.logging.config.file=logging.properties -Dactivemq.conf=../../conf -Dactivemq.data=../../data -Djava.security.auth.login.config=../../conf/login.config -Djolokia.conf=file:..\\..\\conf\\jolokia-access.xml -Xms1024m -Xmx1024m -Djava.library.path=../../bin/win64 -Dwrapper.key=DiTiluiqPFFJHEO6 -Dwrapper.port=32000 -Dwrapper.jvm.port.min=31000 -Dwrapper.jvm.port.max=31999 -Dwrapper.pid=10056 -Dwrapper.version=3.2.3 -Dwrapper.native_library=wrapper -Dwrapper.cpu.timeout=10 -Dwrapper.jvmid=1
INFO   | jvm 1    | 2025/12/18 11:18:07 | Extensions classpath:
INFO   | jvm 1    | 2025/12/18 11:18:07 |   [..\..\lib,..\..\lib\camel,..\..\lib\optional,..\..\lib\web,..\..\lib\extra]
INFO   | jvm 1    | 2025/12/18 11:18:07 | ACTIVEMQ_HOME: ..\..
INFO   | jvm 1    | 2025/12/18 11:18:07 | ACTIVEMQ_BASE: ..\..
INFO   | jvm 1    | 2025/12/18 11:18:07 | ACTIVEMQ_CONF: ..\..\conf
INFO   | jvm 1    | 2025/12/18 11:18:07 | ACTIVEMQ_DATA: ..\..\data
INFO   | jvm 1    | 2025/12/18 11:18:08 | Loading message broker from: xbean:activemq.xml
INFO   | jvm 1    | 2025/12/18 11:18:09 |  INFO | Using Persistence Adapter: KahaDBPersistenceAdapter[C:\Users\VictorSF\Documents\Git - IFCE\PPD-MOM\MOM\lib\apache-activemq-5.19.1\bin\win64\..\..\data\kahadb]
INFO   | jvm 1    | 2025/12/18 11:18:09 |  INFO | Starting Persistence Adapter: KahaDBPersistenceAdapter[C:\Users\VictorSF\Documents\Git - IFCE\PPD-MOM\MOM\lib\apache-activemq-5.19.1\bin\win64\..\..\data\kahadb]
INFO   | jvm 1    | 2025/12/18 11:18:09 |  INFO | Starting KahaDBStore
INFO   | jvm 1    | 2025/12/18 11:18:09 |  INFO | Opening MessageDatabase
INFO   | jvm 1    | 2025/12/18 11:18:09 |  INFO | Page File: ..\..\data\kahadb\db.data. Recovering pageFile free list due to prior unclean shutdown..
INFO   | jvm 1    | 2025/12/18 11:18:09 |  INFO | KahaDB is version 7
INFO   | jvm 1    | 2025/12/18 11:18:09 |  INFO | Page File: ..\..\data\kahadb\db.data. Recovered pageFile free list of size: 0
INFO   | jvm 1    | 2025/12/18 11:18:09 |  INFO | Starting Temp Data Store
INFO   | jvm 1    | 2025/12/18 11:18:09 |  INFO | PListStore:[C:\Users\VictorSF\Documents\Git - IFCE\PPD-MOM\MOM\lib\apache-activemq-5.19.1\bin\win64\..\..\data\localhost\tmp_storage] started
INFO   | jvm 1    | 2025/12/18 11:18:09 |  INFO | Starting Job Scheduler Store
INFO   | jvm 1    | 2025/12/18 11:18:09 |  INFO | Persistence Adapter successfully started
INFO   | jvm 1    | 2025/12/18 11:18:09 |  INFO | Apache ActiveMQ 5.19.1 (localhost, ID:DESKTOP-LOG2Q4K-58654-1766067489806-0:1) is starting
INFO   | jvm 1    | 2025/12/18 11:18:10 |  INFO | Listening for connections at: tcp://DESKTOP-LOG2Q4K:61616?maximumConnections=1000&wireFormat.maxFrameSize=104857600
INFO   | jvm 1    | 2025/12/18 11:18:10 |  INFO | Connector openwire started
INFO   | jvm 1    | 2025/12/18 11:18:10 |  INFO | Listening for connections at: amqp://DESKTOP-LOG2Q4K:5672?maximumConnections=1000&wireFormat.maxFrameSize=104857600
INFO   | jvm 1    | 2025/12/18 11:18:10 |  INFO | Connector amqp started
INFO   | jvm 1    | 2025/12/18 11:18:10 |  INFO | Listening for connections at: stomp://DESKTOP-LOG2Q4K:61613?maximumConnections=1000&wireFormat.maxFrameSize=104857600
INFO   | jvm 1    | 2025/12/18 11:18:10 |  INFO | Connector stomp started
INFO   | jvm 1    | 2025/12/18 11:18:10 |  INFO | Listening for connections at: mqtt://DESKTOP-LOG2Q4K:1883?maximumConnections=1000&wireFormat.maxFrameSize=104857600
INFO   | jvm 1    | 2025/12/18 11:18:10 |  INFO | Connector mqtt started
INFO   | jvm 1    | 2025/12/18 11:18:10 |  INFO | Starting Jetty server
INFO   | jvm 1    | 2025/12/18 11:18:10 |  INFO | Creating Jetty connector
INFO   | jvm 1    | 2025/12/18 11:18:10 |  WARN | ServletContext@o.e.j.s.ServletContextHandler@397c778f{/,null,STARTING} has uncovered http methods for path: /
INFO   | jvm 1    | 2025/12/18 11:18:10 |  INFO | Listening for connections at ws://DESKTOP-LOG2Q4K:61614?maximumConnections=1000&wireFormat.maxFrameSize=104857600
INFO   | jvm 1    | 2025/12/18 11:18:10 |  INFO | Connector ws started
INFO   | jvm 1    | 2025/12/18 11:18:10 |  INFO | Apache ActiveMQ 5.19.1 (localhost, ID:DESKTOP-LOG2Q4K-58654-1766067489806-0:1) started
INFO   | jvm 1    | 2025/12/18 11:18:10 |  INFO | For help or more information please see: http://activemq.apache.org
INFO   | jvm 1    | 2025/12/18 11:18:11 |  INFO | ActiveMQ WebConsole available at http://127.0.0.1:8161/
INFO   | jvm 1    | 2025/12/18 11:18:11 |  INFO | ActiveMQ Jolokia REST API available at http://127.0.0.1:8161/api/jolokia/
ERROR  | wrapper  | 2025/12/18 11:31:23 | JVM exited unexpectedly.
STATUS | wrapper  | 2025/12/18 11:31:27 | CTRL-C trapped.  Shutting down.
STATUS | wrapper  | 2025/12/18 11:31:27 | <-- Wrapper Stopped
STATUS | wrapper  | 2025/12/18 11:31:37 | --> Wrapper Started as Console
STATUS | wrapper  | 2025/12/18 11:31:37 | Launching a JVM...
INFO   | jvm 1    | 2025/12/18 11:31:38 | Wrapper (Version 3.2.3) http://wrapper.tanukisoftware.org
INFO   | jvm 1    | 2025/12/18 11:31:38 |   Copyright 1999-2006 Tanuki Software, Inc.  All Rights Reserved.
INFO   | jvm 1    | 2025/12/18 11:31:38 | 
INFO   | jvm 1    | 2025/12/18 11:31:38 | Java Runtime: Oracle Corporation 21.0.8 C:\Program Files\Java\jdk-21
INFO   | jvm 1    | 2025/12/18 11:31:38 |   Heap sizes: current=1048576k  free=1032704k  max=1048576k
INFO   | jvm 1    | 2025/12/18 11:31:38 |     JVM args: -Dactivemq.home=../.. -Dactivemq.base=../.. -Djavax.net.ssl.keyStorePassword=password -Djavax.net.ssl.trustStorePassword=password -Djavax.net.ssl.keyStore=../../conf/broker.ks -Djavax.net.ssl.trustStore=../../conf/broker.ts -Dcom.sun.management.jmxremote -Dorg.apache.activemq.UseDedicatedTaskRunner=false -Djava.util.logging.config.file=logging.properties -Dactivemq.conf=../../conf -Dactivemq.data=../../data -Djava.security.auth.login.config=../../conf/login.config -Djolokia.conf=file:..\\..\\conf\\jolokia-access.xml -Xms1024m -Xmx1024m -Djava.library.path=../../bin/win64 -Dwrapper.key=nkbxSEV1em2v0a4e -Dwrapper.port=32000 -Dwrapper.jvm.port.min=31000 -Dwrapper.jvm.port.max=31999 -Dwrapper.pid=3616 -Dwrapper.version=3.2.3 -Dwrapper.native_library=wrapper -Dwrapper.cpu.timeout=10 -Dwrapper.jvmid=1
INFO   | jvm 1    | 2025/12/18 11:31:38 | Extensions classpath:
INFO   | jvm 1    | 2025/12/18 11:31:38 |   [..\..\lib,..\..\lib\camel,..\..\lib\optional,..\..\lib\web,..\..\lib\extra]
INFO   | jvm 1    | 2025/12/18 11:31:38 | ACTIVEMQ_HOME: ..\..
INFO   | jvm 1    | 2025/12/18 11:31:38 | ACTIVEMQ_BASE: ..\..
INFO   | jvm 1    | 2025/12/18 11:31:38 | ACTIVEMQ_CONF: ..\..\conf
INFO   | jvm 1    | 2025/12/18 11:31:38 | ACTIVEMQ_DATA: ..\..\data
INFO   | jvm 1    | 2025/12/18 11:31:39 | Loading message broker from: xbean:activemq.xml
INFO   | jvm 1    | 2025/12/18 11:31:40 |  INFO | Using Persistence Adapter: KahaDBPersistenceAdapter[C:\Users\VictorSF\Documents\Git - IFCE\PPD-MOM\MOM\lib\apache-activemq-5.19.1\bin\win64\..\..\data\kahadb]
INFO   | jvm 1    | 2025/12/18 11:31:40 |  INFO | Starting Persistence Adapter: KahaDBPersistenceAdapter[C:\Users\VictorSF\Documents\Git - IFCE\PPD-MOM\MOM\lib\apache-activemq-5.19.1\bin\win64\..\..\data\kahadb]
INFO   | jvm 1    | 2025/12/18 11:31:41 |  INFO | Starting KahaDBStore
INFO   | jvm 1    | 2025/12/18 11:31:41 |  INFO | Opening MessageDatabase
INFO   | jvm 1    | 2025/12/18 11:31:41 |  INFO | KahaDB is version 7
INFO   | jvm 1    | 2025/12/18 11:31:41 |  INFO | Page File: ..\..\data\kahadb\db.data. Recovering pageFile free list due to prior unclean shutdown..
INFO   | jvm 1    | 2025/12/18 11:31:41 |  INFO | Page File: ..\..\data\kahadb\db.data. Recovered pageFile free list of size: 7
INFO   | jvm 1    | 2025/12/18 11:31:41 |  INFO | Starting Temp Data Store
INFO   | jvm 1    | 2025/12/18 11:31:41 |  INFO | PListStore:[C:\Users\VictorSF\Documents\Git - IFCE\PPD-MOM\MOM\lib\apache-activemq-5.19.1\bin\win64\..\..\data\localhost\tmp_storage] started
INFO   | jvm 1    | 2025/12/18 11:31:41 |  INFO | Starting Job Scheduler Store
INFO   | jvm 1    | 2025/12/18 11:31:41 |  INFO | Persistence Adapter successfully started
INFO   | jvm 1    | 2025/12/18 11:31:41 |  INFO | Apache ActiveMQ 5.19.1 (localhost, ID:DESKTOP-LOG2Q4K-58851-1766068301682-0:1) is starting
INFO   | jvm 1    | 2025/12/18 11:31:42 |  INFO | Listening for connections at: tcp://DESKTOP-LOG2Q4K:61616?maximumConnections=1000&wireFormat.maxFrameSize=104857600
INFO   | jvm 1    | 2025/12/18 11:31:42 |  INFO | Connector openwire started
INFO   | jvm 1    | 2025/12/18 11:31:42 |  INFO | Listening for connections at: amqp://DESKTOP-LOG2Q4K:5672?maximumConnections=1000&wireFormat.maxFrameSize=104857600
INFO   | jvm 1    | 2025/12/18 11:31:42 |  INFO | Connector amqp started
INFO   | jvm 1    | 2025/12/18 11:31:42 |  INFO | Listening for connections at: stomp://DESKTOP-LOG2Q4K:61613?maximumConnections=1000&wireFormat.maxFrameSize=104857600
INFO   | jvm 1    | 2025/12/18 11:31:42 |  INFO | Connector stomp started
INFO   | jvm 1    | 2025/12/18 11:31:42 |  INFO | Listening for connections at: mqtt://DESKTOP-LOG2Q4K:1883?maximumConnections=1000&wireFormat.maxFrameSize=104857600
INFO   | jvm 1    | 2025/12/18 11:31:42 |  INFO | Connector mqtt started
INFO   | jvm 1    | 2025/12/18 11:31:42 |  INFO | Starting Jetty server
INFO   | jvm 1    | 2025/12/18 11:31:42 |  INFO | Creating Jetty connector
INFO   | jvm 1    | 2025/12/18 11:31:42 |  WARN | ServletContext@o.e.j.s.ServletContextHandler@2d040443{/,null,STARTING} has uncovered http methods for path: /
INFO   | jvm 1    | 2025/12/18 11:31:42 |  INFO | Listening for connections at ws://DESKTOP-LOG2Q4K:61614?maximumConnections=1000&wireFormat.maxFrameSize=104857600
INFO   | jvm 1    | 2025/12/18 11:31:42 |  INFO | Connector ws started
INFO   | jvm 1    | 2025/12/18 11:31:42 |  INFO | Apache ActiveMQ 5.19.1 (localhost, ID:DESKTOP-LOG2Q4K-58851-1766068301682-0:1) started
INFO   | jvm 1    | 2025/12/18 11:31:42 |  INFO | For help or more information please see: http://activemq.apache.org
INFO   | jvm 1    | 2025/12/18 11:31:44 |  INFO | ActiveMQ WebConsole available at http://127.0.0.1:8161/
INFO   | jvm 1    | 2025/12/18 11:31:44 |  INFO | ActiveMQ Jolokia REST API available at http://127.0.0.1:8161/api/jolokia/
ERROR  | wrapper  | 2025/12/18 11:37:12 | JVM exited unexpectedly.
STATUS | wrapper  | 2025/12/18 11:37:18 | --> Wrapper Started as Console
STATUS | wrapper  | 2025/12/18 11:37:18 | Launching a JVM...
INFO   | jvm 1    | 2025/12/18 11:37:19 | Wrapper (Version 3.2.3) http://wrapper.tanukisoftware.org
INFO   | jvm 1    | 2025/12/18 11:37:19 |   Copyright 1999-2006 Tanuki Software, Inc.  All Rights Reserved.
INFO   | jvm 1    | 2025/12/18 11:37:19 | 
INFO   | jvm 1    | 2025/12/18 11:37:19 | Java Runtime: Oracle Corporation 21.0.8 C:\Program Files\Java\jdk-21
INFO   | jvm 1    | 2025/12/18 11:37:19 |   Heap sizes: current=1048576k  free=1032704k  max=1048576k
INFO   | jvm 1    | 2025/12/18 11:37:19 |     JVM args: -Dactivemq.home=../.. -Dactivemq.base=../.. -Djavax.net.ssl.keyStorePassword=password -Djavax.net.ssl.trustStorePassword=password -Djavax.net.ssl.keyStore=../../conf/broker.ks -Djavax.net.ssl.trustStore=../../conf/broker.ts -Dcom.sun.management.jmxremote -Dorg.apache.activemq.UseDedicatedTaskRunner=false -Djava.util.logging.config.file=logging.properties -Dactivemq.conf=../../conf -Dactivemq.data=../../data -Djava.security.auth.login.config=../../conf/login.config -Djolokia.conf=file:..\\..\\conf\\jolokia-access.xml -Xms1024m -Xmx1024m -Djava.library.path=../../bin/win64 -Dwrapper.key=s3flFKa1crNY_jjb -Dwrapper.port=32000 -Dwrapper.jvm.port.min=31000 -Dwrapper.jvm.port.max=31999 -Dwrapper.pid=13944 -Dwrapper.version=3.2.3 -Dwrapper.native_library=wrapper -Dwrapper.cpu.timeout=10 -Dwrapper.jvmid=1
INFO   | jvm 1    | 2025/12/18 11:37:19 | Extensions classpath:
INFO   | jvm 1    | 2025/12/18 11:37:19 |   [..\..\lib,..\..\lib\camel,..\..\lib\optional,..\..\lib\web,..\..\lib\extra]
INFO   | jvm 1    | 2025/12/18 11:37:19 | ACTIVEMQ_HOME: ..\..
INFO   | jvm 1    | 2025/12/18 11:37:19 | ACTIVEMQ_BASE: ..\..
INFO   | jvm 1    | 2025/12/18 11:37:19 | ACTIVEMQ_CONF: ..\..\conf
INFO   | jvm 1    | 2025/12/18 11:37:19 | ACTIVEMQ_DATA: ..\..\data
INFO   | jvm 1    | 2025/12/18 11:37:20 | Loading message broker from: xbean:activemq.xml
INFO   | jvm 1    | 2025/12/18 11:37:21 |  INFO | Using Persistence Adapter: KahaDBPersistenceAdapter[C:\Users\VictorSF\Documents\Git - IFCE\PPD-MOM\MOM\lib\apache-activemq-5.19.1\bin\win64\..\..\data\kahadb]
INFO   | jvm 1    | 2025/12/18 11:37:21 |  INFO | Starting Persistence Adapter: KahaDBPersistenceAdapter[C:\Users\VictorSF\Documents\Git - IFCE\PPD-MOM\MOM\lib\apache-activemq-5.19.1\bin\win64\..\..\data\kahadb]
INFO   | jvm 1    | 2025/12/18 11:37:21 |  INFO | Starting KahaDBStore
INFO   | jvm 1    | 2025/12/18 11:37:21 |  INFO | Opening MessageDatabase
INFO   | jvm 1    | 2025/12/18 11:37:21 |  INFO | Page File: ..\..\data\kahadb\db.data. Recovering pageFile free list due to prior unclean shutdown..
INFO   | jvm 1    | 2025/12/18 11:37:21 |  INFO | KahaDB is version 7
INFO   | jvm 1    | 2025/12/18 11:37:21 |  INFO | Page File: ..\..\data\kahadb\db.data. Recovered pageFile free list of size: 7
INFO   | jvm 1    | 2025/12/18 11:37:22 |  INFO | Starting Temp Data Store
INFO   | jvm 1    | 2025/12/18 11:37:22 |  INFO | PListStore:[C:\Users\VictorSF\Documents\Git - IFCE\PPD-MOM\MOM\lib\apache-activemq-5.19.1\bin\win64\..\..\data\localhost\tmp_storage] started
INFO   | jvm 1    | 2025/12/18 11:37:22 |  INFO | Starting Job Scheduler Store
INFO   | jvm 1    | 2025/12/18 11:37:22 |  INFO | Persistence Adapter successfully started
INFO   | jvm 1    | 2025/12/18 11:37:22 |  INFO | Apache ActiveMQ 5.19.1 (localhost, ID:DESKTOP-LOG2Q4K-58939-1766068642212-0:1) is starting
INFO   | jvm 1    | 2025/12/18 11:37:22 |  INFO | Listening for connections at: tcp://DESKTOP-LOG2Q4K:61616?maximumConnections=1000&wireFormat.maxFrameSize=104857600
INFO   | jvm 1    | 2025/12/18 11:37:22 |  INFO | Connector openwire started
INFO   | jvm 1    | 2025/12/18 11:37:22 |  INFO | Listening for connections at: amqp://DESKTOP-LOG2Q4K:5672?maximumConnections=1000&wireFormat.maxFrameSize=104857600
INFO   | jvm 1    | 2025/12/18 11:37:22 |  INFO | Connector amqp started
INFO   | jvm 1    | 2025/12/18 11:37:22 |  INFO | Listening for connections at: stomp://DESKTOP-LOG2Q4K:61613?maximumConnections=1000&wireFormat.maxFrameSize=104857600
INFO   | jvm 1    | 2025/12/18 11:37:22 |  INFO | Connector stomp started
INFO   | jvm 1    | 2025/12/18 11:37:22 |  INFO | Listening for connections at: mqtt://DESKTOP-LOG2Q4K:1883?maximumConnections=1000&wireFormat.maxFrameSize=104857600
INFO   | jvm 1    | 2025/12/18 11:37:22 |  INFO | Connector mqtt started
INFO   | jvm 1    | 2025/12/18 11:37:22 |  INFO | Starting Jetty server
INFO   | jvm 1    | 2025/12/18 11:37:22 |  INFO | Creating Jetty connector
INFO   | jvm 1    | 2025/12/18 11:37:22 |  WARN | ServletContext@o.e.j.s.ServletContextHandler@750c867a{/,null,STARTING} has uncovered http methods for path: /
INFO   | jvm 1    | 2025/12/18 11:37:22 |  INFO | Listening for connections at ws://DESKTOP-LOG2Q4K:61614?maximumConnections=1000&wireFormat.maxFrameSize=104857600
INFO   | jvm 1    | 2025/12/18 11:37:22 |  INFO | Connector ws started
INFO   | jvm 1    | 2025/12/18 11:37:22 |  INFO | Apache ActiveMQ 5.19.1 (localhost, ID:DESKTOP-LOG2Q4K-58939-1766068642212-0:1) started
INFO   | jvm 1    | 2025/12/18 11:37:22 |  INFO | For help or more information please see: http://activemq.apache.org
INFO   | jvm 1    | 2025/12/18 11:37:24 |  INFO | ActiveMQ WebConsole available at http://127.0.0.1:8161/
INFO   | jvm 1    | 2025/12/18 11:37:24 |  INFO | ActiveMQ Jolokia REST API available at http://127.0.0.1:8161/api/jolokia/
ERROR  | wrapper  | 2025/12/18 12:33:42 | JVM exited unexpectedly.
STATUS | wrapper  | 2025/12/18 12:35:36 | --> Wrapper Started as Console
STATUS | wrapper  | 2025/12/18 12:35:36 | Launching a JVM...
INFO   | jvm 1    | 2025/12/18 12:35:37 | Wrapper (Version 3.2.3) http://wrapper.tanukisoftware.org
INFO   | jvm 1    | 2025/12/18 12:35:37 |   Copyright 1999-2006 Tanuki Software, Inc.  All Rights Reserved.
INFO   | jvm 1    | 2025/12/18 12:35:37 | 
INFO   | jvm 1    | 2025/12/18 12:35:37 | Java Runtime: Oracle Corporation 21.0.8 C:\Program Files\Java\jdk-21
INFO   | jvm 1    | 2025/12/18 12:35:37 |   Heap sizes: current=1048576k  free=1032704k  max=1048576k
INFO   | jvm 1    | 2025/12/18 12:35:37 |     JVM args: -Dactivemq.home=../.. -Dactivemq.base=../.. -Djavax.net.ssl.keyStorePassword=password -Djavax.net.ssl.trustStorePassword=password -Djavax.net.ssl.keyStore=../../conf/broker.ks -Djavax.net.ssl.trustStore=../../conf/broker.ts -Dcom.sun.management.jmxremote -Dorg.apache.activemq.UseDedicatedTaskRunner=false -Djava.util.logging.config.file=logging.properties -Dactivemq.conf=../../conf -Dactivemq.data=../../data -Djava.security.auth.login.config=../../conf/login.config -Djolokia.conf=file:..\\..\\conf\\jolokia-access.xml -Xms1024m -Xmx1024m -Djava.library.path=../../bin/win64 -Dwrapper.key=hYGChl0Q4ZuKLqFy -Dwrapper.port=32000 -Dwrapper.jvm.port.min=31000 -Dwrapper.jvm.port.max=31999 -Dwrapper.pid=5448 -Dwrapper.version=3.2.3 -Dwrapper.native_library=wrapper -Dwrapper.cpu.timeout=10 -Dwrapper.jvmid=1
INFO   | jvm 1    | 2025/12/18 12:35:37 | Extensions classpath:
INFO   | jvm 1    | 2025/12/18 12:35:37 |   [..\..\lib,..\..\lib\camel,..\..\lib\optional,..\..\lib\web,..\..\lib\extra]
INFO   | jvm 1    | 2025/12/18 12:35:37 | ACTIVEMQ_HOME: ..\..
INFO   | jvm 1    | 2025/12/18 12:35:37 | ACTIVEMQ_BASE: ..\..
INFO   | jvm 1    | 2025/12/18 12:35:37 | ACTIVEMQ_CONF: ..\..\conf
INFO   | jvm 1    | 2025/12/18 12:35:37 | ACTIVEMQ_DATA: ..\..\data
INFO   | jvm 1    | 2025/12/18 12:35:38 | Loading message broker from: xbean:activemq.xml
INFO   | jvm 1    | 2025/12/18 12:35:40 |  INFO | Using Persistence Adapter: KahaDBPersistenceAdapter[C:\Users\VictorSF\Documents\Git - IFCE\apache-activemq-5.19.1\bin\win64\..\..\data\kahadb]
INFO   | jvm 1    | 2025/12/18 12:35:40 |  INFO | Starting Persistence Adapter: KahaDBPersistenceAdapter[C:\Users\VictorSF\Documents\Git - IFCE\apache-activemq-5.19.1\bin\win64\..\..\data\kahadb]
INFO   | jvm 1    | 2025/12/18 12:35:40 |  INFO | Starting KahaDBStore
INFO   | jvm 1    | 2025/12/18 12:35:40 |  INFO | Opening MessageDatabase
INFO   | jvm 1    | 2025/12/18 12:35:40 |  INFO | KahaDB is version 7
INFO   | jvm 1    | 2025/12/18 12:35:40 |  INFO | Page File: ..\..\data\kahadb\db.data. Recovering pageFile free list due to prior unclean shutdown..
INFO   | jvm 1    | 2025/12/18 12:35:40 |  INFO | Page File: ..\..\data\kahadb\db.data. Recovered pageFile free list of size: 7
INFO   | jvm 1    | 2025/12/18 12:35:40 |  INFO | Starting Temp Data Store
INFO   | jvm 1    | 2025/12/18 12:35:40 |  INFO | PListStore:[C:\Users\VictorSF\Documents\Git - IFCE\apache-activemq-5.19.1\bin\win64\..\..\data\localhost\tmp_storage] started
INFO   | jvm 1    | 2025/12/18 12:35:40 |  INFO | Starting Job Scheduler Store
INFO   | jvm 1    | 2025/12/18 12:35:40 |  INFO | Persistence Adapter successfully started
INFO   | jvm 1    | 2025/12/18 12:35:41 |  INFO | Apache ActiveMQ 5.19.1 (localhost, ID:DESKTOP-LOG2Q4K-59383-1766072140830-0:1) is starting
INFO   | jvm 1    | 2025/12/18 12:35:41 |  INFO | Listening for connections at: tcp://DESKTOP-LOG2Q4K:61616?maximumConnections=1000&wireFormat.maxFrameSize=104857600
INFO   | jvm 1    | 2025/12/18 12:35:41 |  INFO | Connector openwire started
INFO   | jvm 1    | 2025/12/18 12:35:41 |  INFO | Listening for connections at: amqp://DESKTOP-LOG2Q4K:5672?maximumConnections=1000&wireFormat.maxFrameSize=104857600
INFO   | jvm 1    | 2025/12/18 12:35:41 |  INFO | Connector amqp started
INFO   | jvm 1    | 2025/12/18 12:35:41 |  INFO | Listening for connections at: stomp://DESKTOP-LOG2Q4K:61613?maximumConnections=1000&wireFormat.maxFrameSize=104857600
INFO   | jvm 1    | 2025/12/18 12:35:41 |  INFO | Connector stomp started
INFO   | jvm 1    | 2025/12/18 12:35:41 |  INFO | Listening for connections at: mqtt://DESKTOP-LOG2Q4K:1883?maximumConnections=1000&wireFormat.maxFrameSize=104857600
INFO   | jvm 1    | 2025/12/18 12:35:41 |  INFO | Connector mqtt started
INFO   | jvm 1    | 2025/12/18 12:35:41 |  INFO | Starting Jetty server
INFO   | jvm 1    | 2025/12/18 12:35:41 |  INFO | Creating Jetty connector
INFO   | jvm 1    | 2025/12/18 12:35:41 |  WARN | ServletContext@o.e.j.s.ServletContextHandler@2d040443{/,null,STARTING} has uncovered http methods for path: /
INFO   | jvm 1    | 2025/12/18 12:35:41 |  INFO | Listening for connections at ws://DESKTOP-LOG2Q4K:61614?maximumConnections=1000&wireFormat.maxFrameSize=104857600
INFO   | jvm 1    | 2025/12/18 12:35:41 |  INFO | Connector ws started
INFO   | jvm 1    | 2025/12/18 12:35:41 |  INFO | Apache ActiveMQ 5.19.1 (localhost, ID:DESKTOP-LOG2Q4K-59383-1766072140830-0:1) started
INFO   | jvm 1    | 2025/12/18 12:35:41 |  INFO | For help or more information please see: http://activemq.apache.org
INFO   | jvm 1    | 2025/12/18 12:35:43 |  INFO | ActiveMQ WebConsole available at http://127.0.0.1:8161/
INFO   | jvm 1    | 2025/12/18 12:35:43 |  INFO | ActiveMQ Jolokia REST API available at http://127.0.0.1:8161/api/jolokia/
ERROR  | wrapper  | 2025/12/18 12:40:18 | JVM exited unexpectedly.
STATUS | wrapper  | 2025/12/18 12:40:56 | --> Wrapper Started as Console
STATUS | wrapper  | 2025/12/18 12:40:56 | Launching a JVM...
INFO   | jvm 1    | 2025/12/18 12:40:57 | Wrapper (Version 3.2.3) http://wrapper.tanukisoftware.org
INFO   | jvm 1    | 2025/12/18 12:40:57 |   Copyright 1999-2006 Tanuki Software, Inc.  All Rights Reserved.
INFO   | jvm 1    | 2025/12/18 12:40:57 | 
INFO   | jvm 1    | 2025/12/18 12:40:57 | Java Runtime: Oracle Corporation 21.0.8 C:\Program Files\Java\jdk-21
INFO   | jvm 1    | 2025/12/18 12:40:57 |   Heap sizes: current=1048576k  free=1032704k  max=1048576k
INFO   | jvm 1    | 2025/12/18 12:40:57 |     JVM args: -Dactivemq.home=../.. -Dactivemq.base=../.. -Djavax.net.ssl.keyStorePassword=password -Djavax.net.ssl.trustStorePassword=password -Djavax.net.ssl.keyStore=../../conf/broker.ks -Djavax.net.ssl.trustStore=../../conf/broker.ts -Dcom.sun.management.jmxremote -Dorg.apache.activemq.UseDedicatedTaskRunner=false -Djava.util.logging.config.file=logging.properties -Dactivemq.conf=../../conf -Dactivemq.data=../../data -Djava.security.auth.login.config=../../conf/login.config -Djolokia.conf=file:..\\..\\conf\\jolokia-access.xml -Xms1024m -Xmx1024m -Djava.library.path=../../bin/win64 -Dwrapper.key=bUylLwDlGZAElvYY -Dwrapper.port=32000 -Dwrapper.jvm.port.min=31000 -Dwrapper.jvm.port.max=31999 -Dwrapper.pid=1336 -Dwrapper.version=3.2.3 -Dwrapper.native_library=wrapper -Dwrapper.cpu.timeout=10 -Dwrapper.jvmid=1
INFO   | jvm 1    | 2025/12/18 12:40:57 | Extensions classpath:
INFO   | jvm 1    | 2025/12/18 12:40:57 |   [..\..\lib,..\..\lib\camel,..\..\lib\optional,..\..\lib\web,..\..\lib\extra]
INFO   | jvm 1    | 2025/12/18 12:40:57 | ACTIVEMQ_HOME: ..\..
INFO   | jvm 1    | 2025/12/18 12:40:57 | ACTIVEMQ_BASE: ..\..
INFO   | jvm 1    | 2025/12/18 12:40:57 | ACTIVEMQ_CONF: ..\..\conf
INFO   | jvm 1    | 2025/12/18 12:40:57 | ACTIVEMQ_DATA: ..\..\data
INFO   | jvm 1    | 2025/12/18 12:40:59 | Loading message broker from: xbean:activemq.xml
INFO   | jvm 1    | 2025/12/18 12:41:00 |  INFO | Using Persistence Adapter: KahaDBPersistenceAdapter[C:\Users\VictorSF\Documents\Git - IFCE\apache-activemq-5.19.1\bin\win64\..\..\data\kahadb]
INFO   | jvm 1    | 2025/12/18 12:41:00 |  INFO | Starting Persistence Adapter: KahaDBPersistenceAdapter[C:\Users\VictorSF\Documents\Git - IFCE\apache-activemq-5.19.1\bin\win64\..\..\data\kahadb]
INFO   | jvm 1    | 2025/12/18 12:41:00 |  INFO | Starting KahaDBStore
INFO   | jvm 1    | 2025/12/18 12:41:00 |  INFO | Opening MessageDatabase
INFO   | jvm 1    | 2025/12/18 12:41:00 |  INFO | Page File: ..\..\data\kahadb\db.data. Recovering pageFile free list due to prior unclean shutdown..
INFO   | jvm 1    | 2025/12/18 12:41:00 |  INFO | KahaDB is version 7
INFO   | jvm 1    | 2025/12/18 12:41:00 |  INFO | Page File: ..\..\data\kahadb\db.data. Recovered pageFile free list of size: 7
INFO   | jvm 1    | 2025/12/18 12:41:01 |  INFO | Starting Temp Data Store
INFO   | jvm 1    | 2025/12/18 12:41:01 |  INFO | PListStore:[C:\Users\VictorSF\Documents\Git - IFCE\apache-activemq-5.19.1\bin\win64\..\..\data\localhost\tmp_storage] started
INFO   | jvm 1    | 2025/12/18 12:41:01 |  INFO | Starting Job Scheduler Store
INFO   | jvm 1    | 2025/12/18 12:41:01 |  INFO | Persistence Adapter successfully started
INFO   | jvm 1    | 2025/12/18 12:41:01 |  INFO | Apache ActiveMQ 5.19.1 (localhost, ID:DESKTOP-LOG2Q4K-59428-1766072461254-0:1) is starting
INFO   | jvm 1    | 2025/12/18 12:41:01 |  INFO | Listening for connections at: tcp://DESKTOP-LOG2Q4K:61616?maximumConnections=1000&wireFormat.maxFrameSize=104857600
INFO   | jvm 1    | 2025/12/18 12:41:01 |  INFO | Connector openwire started
INFO   | jvm 1    | 2025/12/18 12:41:01 |  INFO | Listening for connections at: amqp://DESKTOP-LOG2Q4K:5672?maximumConnections=1000&wireFormat.maxFrameSize=104857600
INFO   | jvm 1    | 2025/12/18 12:41:01 |  INFO | Connector amqp started
INFO   | jvm 1    | 2025/12/18 12:41:01 |  INFO | Listening for connections at: stomp://DESKTOP-LOG2Q4K:61613?maximumConnections=1000&wireFormat.maxFrameSize=104857600
INFO   | jvm 1    | 2025/12/18 12:41:01 |  INFO | Connector stomp started
INFO   | jvm 1    | 2025/12/18 12:41:01 |  INFO | Listening for connections at: mqtt://DESKTOP-LOG2Q4K:1883?maximumConnections=1000&wireFormat.maxFrameSize=104857600
INFO   | jvm 1    | 2025/12/18 12:41:01 |  INFO | Connector mqtt started
INFO   | jvm 1    | 2025/12/18 12:41:01 |  INFO | Starting Jetty server
INFO   | jvm 1    | 2025/12/18 12:41:01 |  INFO | Creating Jetty connector
INFO   | jvm 1    | 2025/12/18 12:41:01 |  WARN | ServletContext@o.e.j.s.ServletContextHandler@322dc3ab{/,null,STARTING} has uncovered http methods for path: /
INFO   | jvm 1    | 2025/12/18 12:41:02 |  INFO | Listening for connections at ws://DESKTOP-LOG2Q4K:61614?maximumConnections=1000&wireFormat.maxFrameSize=104857600
INFO   | jvm 1    | 2025/12/18 12:41:02 |  INFO | Connector ws started
INFO   | jvm 1    | 2025/12/18 12:41:02 |  INFO | Apache ActiveMQ 5.19.1 (localhost, ID:DESKTOP-LOG2Q4K-59428-1766072461254-0:1) started
INFO   | jvm 1    | 2025/12/18 12:41:02 |  INFO | For help or more information please see: http://activemq.apache.org
INFO   | jvm 1    | 2025/12/18 12:41:03 |  INFO | ActiveMQ WebConsole available at http://127.0.0.1:8161/
INFO   | jvm 1    | 2025/12/18 12:41:03 |  INFO | ActiveMQ Jolokia REST API available at http://127.0.0.1:8161/api/jolokia/
ERROR  | wrapper  | 2025/12/18 13:05:19 | JVM exited unexpectedly.
STATUS | wrapper  | 2025/12/18 13:06:23 | --> Wrapper Started as Console
STATUS | wrapper  | 2025/12/18 13:06:23 | Launching a JVM...
INFO   | jvm 1    | 2025/12/18 13:06:24 | Wrapper (Version 3.2.3) http://wrapper.tanukisoftware.org
INFO   | jvm 1    | 2025/12/18 13:06:24 |   Copyright 1999-2006 Tanuki Software, Inc.  All Rights Reserved.
INFO   | jvm 1    | 2025/12/18 13:06:24 | 
INFO   | jvm 1    | 2025/12/18 13:06:24 | Java Runtime: Oracle Corporation 21.0.8 C:\Program Files\Java\jdk-21
INFO   | jvm 1    | 2025/12/18 13:06:24 |   Heap sizes: current=1048576k  free=1032704k  max=1048576k
INFO   | jvm 1    | 2025/12/18 13:06:24 |     JVM args: -Dactivemq.home=../.. -Dactivemq.base=../.. -Djavax.net.ssl.keyStorePassword=password -Djavax.net.ssl.trustStorePassword=password -Djavax.net.ssl.keyStore=../../conf/broker.ks -Djavax.net.ssl.trustStore=../../conf/broker.ts -Dcom.sun.management.jmxremote -Dorg.apache.activemq.UseDedicatedTaskRunner=false -Djava.util.logging.config.file=logging.properties -Dactivemq.conf=../../conf -Dactivemq.data=../../data -Djava.security.auth.login.config=../../conf/login.config -Djolokia.conf=file:..\\..\\conf\\jolokia-access.xml -Xms1024m -Xmx1024m -Djava.library.path=../../bin/win64 -Dwrapper.key=VwSBJWkebjzp0sPW -Dwrapper.port=32000 -Dwrapper.jvm.port.min=31000 -Dwrapper.jvm.port.max=31999 -Dwrapper.pid=7456 -Dwrapper.version=3.2.3 -Dwrapper.native_library=wrapper -Dwrapper.cpu.timeout=10 -Dwrapper.jvmid=1
INFO   | jvm 1    | 2025/12/18 13:06:24 | Extensions classpath:
INFO   | jvm 1    | 2025/12/18 13:06:24 |   [..\..\lib,..\..\lib\camel,..\..\lib\optional,..\..\lib\web,..\..\lib\extra]
INFO   | jvm 1    | 2025/12/18 13:06:24 | ACTIVEMQ_HOME: ..\..
INFO   | jvm 1    | 2025/12/18 13:06:24 | ACTIVEMQ_BASE: ..\..
INFO   | jvm 1    | 2025/12/18 13:06:24 | ACTIVEMQ_CONF: ..\..\conf
INFO   | jvm 1    | 2025/12/18 13:06:24 | ACTIVEMQ_DATA: ..\..\data
INFO   | jvm 1    | 2025/12/18 13:06:25 | Loading message broker from: xbean:activemq.xml
INFO   | jvm 1    | 2025/12/18 13:06:27 |  INFO | Using Persistence Adapter: KahaDBPersistenceAdapter[C:\Users\VictorSF\Documents\Git - IFCE\apache-activemq-5.19.1\bin\win64\..\..\data\kahadb]
INFO   | jvm 1    | 2025/12/18 13:06:27 |  INFO | Starting Persistence Adapter: KahaDBPersistenceAdapter[C:\Users\VictorSF\Documents\Git - IFCE\apache-activemq-5.19.1\bin\win64\..\..\data\kahadb]
INFO   | jvm 1    | 2025/12/18 13:06:27 |  INFO | Starting KahaDBStore
INFO   | jvm 1    | 2025/12/18 13:06:27 |  INFO | Opening MessageDatabase
INFO   | jvm 1    | 2025/12/18 13:06:27 |  INFO | Page File: ..\..\data\kahadb\db.data. Recovering pageFile free list due to prior unclean shutdown..
INFO   | jvm 1    | 2025/12/18 13:06:28 |  INFO | KahaDB is version 7
INFO   | jvm 1    | 2025/12/18 13:06:28 |  INFO | Page File: ..\..\data\kahadb\db.data. Recovered pageFile free list of size: 7
INFO   | jvm 1    | 2025/12/18 13:06:28 |  INFO | Starting Temp Data Store
INFO   | jvm 1    | 2025/12/18 13:06:28 |  INFO | PListStore:[C:\Users\VictorSF\Documents\Git - IFCE\apache-activemq-5.19.1\bin\win64\..\..\data\localhost\tmp_storage] started
INFO   | jvm 1    | 2025/12/18 13:06:28 |  INFO | Starting Job Scheduler Store
INFO   | jvm 1    | 2025/12/18 13:06:28 |  INFO | Persistence Adapter successfully started
INFO   | jvm 1    | 2025/12/18 13:06:28 |  INFO | Apache ActiveMQ 5.19.1 (localhost, ID:DESKTOP-LOG2Q4K-59619-1766073988439-0:1) is starting
INFO   | jvm 1    | 2025/12/18 13:06:28 |  INFO | Listening for connections at: tcp://DESKTOP-LOG2Q4K:61616?maximumConnections=1000&wireFormat.maxFrameSize=104857600
INFO   | jvm 1    | 2025/12/18 13:06:28 |  INFO | Connector openwire started
INFO   | jvm 1    | 2025/12/18 13:06:28 |  INFO | Listening for connections at: amqp://DESKTOP-LOG2Q4K:5672?maximumConnections=1000&wireFormat.maxFrameSize=104857600
INFO   | jvm 1    | 2025/12/18 13:06:28 |  INFO | Connector amqp started
INFO   | jvm 1    | 2025/12/18 13:06:29 |  INFO | Listening for connections at: stomp://DESKTOP-LOG2Q4K:61613?maximumConnections=1000&wireFormat.maxFrameSize=104857600
INFO   | jvm 1    | 2025/12/18 13:06:29 |  INFO | Connector stomp started
INFO   | jvm 1    | 2025/12/18 13:06:29 |  INFO | Listening for connections at: mqtt://DESKTOP-LOG2Q4K:1883?maximumConnections=1000&wireFormat.maxFrameSize=104857600
INFO   | jvm 1    | 2025/12/18 13:06:29 |  INFO | Connector mqtt started
INFO   | jvm 1    | 2025/12/18 13:06:29 |  INFO | Starting Jetty server
INFO   | jvm 1    | 2025/12/18 13:06:29 |  INFO | Creating Jetty connector
INFO   | jvm 1    | 2025/12/18 13:06:29 |  WARN | ServletContext@o.e.j.s.ServletContextHandler@2d040443{/,null,STARTING} has uncovered http methods for path: /
INFO   | jvm 1    | 2025/12/18 13:06:29 |  INFO | Listening for connections at ws://DESKTOP-LOG2Q4K:61614?maximumConnections=1000&wireFormat.maxFrameSize=104857600
INFO   | jvm 1    | 2025/12/18 13:06:29 |  INFO | Connector ws started
INFO   | jvm 1    | 2025/12/18 13:06:29 |  INFO | Apache ActiveMQ 5.19.1 (localhost, ID:DESKTOP-LOG2Q4K-59619-1766073988439-0:1) started
INFO   | jvm 1    | 2025/12/18 13:06:29 |  INFO | For help or more information please see: http://activemq.apache.org
INFO   | jvm 1    | 2025/12/18 13:06:30 |  INFO | ActiveMQ WebConsole available at http://127.0.0.1:8161/
INFO   | jvm 1    | 2025/12/18 13:06:30 |  INFO | ActiveMQ Jolokia REST API available at http://127.0.0.1:8161/api/jolokia/
FATAL  | wrapper  | 2025/12/18 13:07:33 | OpenSCManager failed - Acesso negado. (0x5)
STATUS | wrapper  | 2025/12/18 13:07:39 | ActiveMQ installed.
STATUS | wrapper  | 2025/12/18 13:33:31 | --> Wrapper Started as Console
STATUS | wrapper  | 2025/12/18 13:33:31 | Launching a JVM...
INFO   | jvm 1    | 2025/12/18 13:33:32 | Wrapper (Version 3.2.3) http://wrapper.tanukisoftware.org
INFO   | jvm 1    | 2025/12/18 13:33:32 |   Copyright 1999-2006 Tanuki Software, Inc.  All Rights Reserved.
INFO   | jvm 1    | 2025/12/18 13:33:32 | 
INFO   | jvm 1    | 2025/12/18 13:33:32 | Java Runtime: Oracle Corporation 21.0.8 C:\Program Files\Java\jdk-21
INFO   | jvm 1    | 2025/12/18 13:33:32 |   Heap sizes: current=1048576k  free=1032704k  max=1048576k
INFO   | jvm 1    | 2025/12/18 13:33:32 |     JVM args: -Dactivemq.home=../.. -Dactivemq.base=../.. -Djavax.net.ssl.keyStorePassword=password -Djavax.net.ssl.trustStorePassword=password -Djavax.net.ssl.keyStore=../../conf/broker.ks -Djavax.net.ssl.trustStore=../../conf/broker.ts -Dcom.sun.management.jmxremote -Dorg.apache.activemq.UseDedicatedTaskRunner=false -Djava.util.logging.config.file=logging.properties -Dactivemq.conf=../../conf -Dactivemq.data=../../data -Djava.security.auth.login.config=../../conf/login.config -Djolokia.conf=file:..\\..\\conf\\jolokia-access.xml -Xms1024m -Xmx1024m -Djava.library.path=../../bin/win64 -Dwrapper.key=iWPnS4jJHKeYueV4 -Dwrapper.port=32000 -Dwrapper.jvm.port.min=31000 -Dwrapper.jvm.port.max=31999 -Dwrapper.pid=11396 -Dwrapper.version=3.2.3 -Dwrapper.native_library=wrapper -Dwrapper.cpu.timeout=10 -Dwrapper.jvmid=1
INFO   | jvm 1    | 2025/12/18 13:33:32 | Extensions classpath:
INFO   | jvm 1    | 2025/12/18 13:33:32 |   [..\..\lib,..\..\lib\camel,..\..\lib\optional,..\..\lib\web,..\..\lib\extra]
INFO   | jvm 1    | 2025/12/18 13:33:32 | ACTIVEMQ_HOME: ..\..
INFO   | jvm 1    | 2025/12/18 13:33:32 | ACTIVEMQ_BASE: ..\..
INFO   | jvm 1    | 2025/12/18 13:33:32 | ACTIVEMQ_CONF: ..\..\conf
INFO   | jvm 1    | 2025/12/18 13:33:32 | ACTIVEMQ_DATA: ..\..\data
INFO   | jvm 1    | 2025/12/18 13:33:34 | Loading message broker from: xbean:activemq.xml
INFO   | jvm 1    | 2025/12/18 13:33:36 |  INFO | Using Persistence Adapter: KahaDBPersistenceAdapter[C:\Users\VictorSF\Documents\Git - IFCE\apache-activemq-5.19.1\bin\win64\..\..\data\kahadb]
INFO   | jvm 1    | 2025/12/18 13:33:36 |  INFO | Starting Persistence Adapter: KahaDBPersistenceAdapter[C:\Users\VictorSF\Documents\Git - IFCE\apache-activemq-5.19.1\bin\win64\..\..\data\kahadb]
INFO   | jvm 1    | 2025/12/18 13:33:36 |  INFO | Starting KahaDBStore
INFO   | jvm 1    | 2025/12/18 13:33:36 |  INFO | Opening MessageDatabase
INFO   | jvm 1    | 2025/12/18 13:33:36 |  INFO | Page File: ..\..\data\kahadb\db.data. Recovering pageFile free list due to prior unclean shutdown..
INFO   | jvm 1    | 2025/12/18 13:33:36 |  INFO | KahaDB is version 7
INFO   | jvm 1    | 2025/12/18 13:33:36 |  INFO | Page File: ..\..\data\kahadb\db.data. Recovered pageFile free list of size: 7
INFO   | jvm 1    | 2025/12/18 13:33:36 |  INFO | Starting Temp Data Store
INFO   | jvm 1    | 2025/12/18 13:33:36 |  INFO | PListStore:[C:\Users\VictorSF\Documents\Git - IFCE\apache-activemq-5.19.1\bin\win64\..\..\data\localhost\tmp_storage] started
INFO   | jvm 1    | 2025/12/18 13:33:36 |  INFO | Starting Job Scheduler Store
INFO   | jvm 1    | 2025/12/18 13:33:36 |  INFO | Persistence Adapter successfully started
INFO   | jvm 1    | 2025/12/18 13:33:36 |  INFO | Apache ActiveMQ 5.19.1 (localhost, ID:DESKTOP-LOG2Q4K-59795-1766075616690-0:1) is starting
INFO   | jvm 1    | 2025/12/18 13:33:37 |  INFO | Listening for connections at: tcp://DESKTOP-LOG2Q4K:61616?maximumConnections=1000&wireFormat.maxFrameSize=104857600
INFO   | jvm 1    | 2025/12/18 13:33:37 |  INFO | Connector openwire started
INFO   | jvm 1    | 2025/12/18 13:33:37 |  INFO | Listening for connections at: amqp://DESKTOP-LOG2Q4K:5672?maximumConnections=1000&wireFormat.maxFrameSize=104857600
INFO   | jvm 1    | 2025/12/18 13:33:37 |  INFO | Connector amqp started
INFO   | jvm 1    | 2025/12/18 13:33:37 |  INFO | Listening for connections at: stomp://DESKTOP-LOG2Q4K:61613?maximumConnections=1000&wireFormat.maxFrameSize=104857600
INFO   | jvm 1    | 2025/12/18 13:33:37 |  INFO | Connector stomp started
INFO   | jvm 1    | 2025/12/18 13:33:37 |  INFO | Listening for connections at: mqtt://DESKTOP-LOG2Q4K:1883?maximumConnections=1000&wireFormat.maxFrameSize=104857600
INFO   | jvm 1    | 2025/12/18 13:33:37 |  INFO | Connector mqtt started
INFO   | jvm 1    | 2025/12/18 13:33:37 |  INFO | Starting Jetty server
INFO   | jvm 1    | 2025/12/18 13:33:37 |  INFO | Creating Jetty connector
INFO   | jvm 1    | 2025/12/18 13:33:37 |  WARN | ServletContext@o.e.j.s.ServletContextHandler@2d040443{/,null,STARTING} has uncovered http methods for path: /
INFO   | jvm 1    | 2025/12/18 13:33:37 |  INFO | Listening for connections at ws://DESKTOP-LOG2Q4K:61614?maximumConnections=1000&wireFormat.maxFrameSize=104857600
INFO   | jvm 1    | 2025/12/18 13:33:37 |  INFO | Connector ws started
INFO   | jvm 1    | 2025/12/18 13:33:37 |  INFO | Apache ActiveMQ 5.19.1 (localhost, ID:DESKTOP-LOG2Q4K-59795-1766075616690-0:1) started
INFO   | jvm 1    | 2025/12/18 13:33:37 |  INFO | For help or more information please see: http://activemq.apache.org
INFO   | jvm 1    | 2025/12/18 13:33:38 |  INFO | ActiveMQ WebConsole available at http://127.0.0.1:8161/
INFO   | jvm 1    | 2025/12/18 13:33:38 |  INFO | ActiveMQ Jolokia REST API available at http://127.0.0.1:8161/api/jolokia/
ERROR  | wrapper  | 2025/12/18 13:48:17 | JVM exited unexpectedly.
